10:50:12 INFO Node created with word: None
10:50:12 INFO Node created with word: hello
10:50:12 INFO Node created with word: world
10:50:12 INFO Node created with word: dear
10:50:12 INFO Node created with word: Alexander
10:50:12 INFO Node created with word: dear
10:50:12 INFO Node created with word: Yehuda
10:50:12 INFO Node created with word: Shani
10:50:12 INFO Node created with word: alexander
10:50:12 INFO Node created with word: is
10:50:12 INFO Node created with word: greate
10:50:12 INFO Node created with word: student
10:50:12 INFO Node created with word: not
10:50:12 INFO Node created with word: calm
10:50:12 INFO Node created with word: i
10:50:12 INFO Node created with word: ignore
10:50:12 INFO Node created with word: him
10:50:12 INFO Node created with char: h
10:50:12 INFO Node created with char: e
10:50:12 INFO Node created with char: l
10:50:12 INFO Node created with char: l
10:50:12 INFO Node created with char: o
10:50:12 INFO Node created with char: w
10:50:12 INFO Node created with char: o
10:50:12 INFO Node created with char: r
10:50:12 INFO Node created with char: l
10:50:12 INFO Node created with char: d
10:50:12 INFO Node created with char: d
10:50:12 INFO Node created with char: e
10:50:12 INFO Node created with char: a
10:50:12 INFO Node created with char: r
10:50:12 INFO Node created with char: A
10:50:12 INFO Node created with char: l
10:50:12 INFO Node created with char: e
10:50:12 INFO Node created with char: x
10:50:12 INFO Node created with char: a
10:50:12 INFO Node created with char: n
10:50:12 INFO Node created with char: d
10:50:12 INFO Node created with char: e
10:50:12 INFO Node created with char: r
10:50:12 INFO Node found with char: d
10:50:12 INFO Node found with char: e
10:50:12 INFO Node found with char: a
10:50:12 INFO Node found with char: r
10:50:12 INFO Node created with char: Y
10:50:12 INFO Node created with char: e
10:50:12 INFO Node created with char: h
10:50:12 INFO Node created with char: u
10:50:12 INFO Node created with char: d
10:50:12 INFO Node created with char: a
10:50:12 INFO Node created with char: S
10:50:12 INFO Node created with char: h
10:50:12 INFO Node created with char: a
10:50:12 INFO Node created with char: n
10:50:12 INFO Node created with char: i
10:50:12 INFO Node created with char: a
10:50:12 INFO Node created with char: l
10:50:12 INFO Node created with char: e
10:50:12 INFO Node created with char: x
10:50:12 INFO Node created with char: a
10:50:12 INFO Node created with char: n
10:50:12 INFO Node created with char: d
10:50:12 INFO Node created with char: e
10:50:12 INFO Node created with char: r
10:50:12 INFO Node created with char: i
10:50:12 INFO Node created with char: s
10:50:12 INFO Node created with char: g
10:50:12 INFO Node created with char: r
10:50:12 INFO Node created with char: e
10:50:12 INFO Node created with char: a
10:50:12 INFO Node created with char: t
10:50:12 INFO Node created with char: e
10:50:12 INFO Node created with char: s
10:50:12 INFO Node created with char: t
10:50:12 INFO Node created with char: u
10:50:12 INFO Node created with char: d
10:50:12 INFO Node created with char: e
10:50:12 INFO Node created with char: n
10:50:12 INFO Node created with char: t
10:50:12 INFO Node created with char: n
10:50:12 INFO Node created with char: o
10:50:12 INFO Node created with char: t
10:50:12 INFO Node created with char: c
10:50:12 INFO Node created with char: a
10:50:12 INFO Node created with char: l
10:50:12 INFO Node created with char: m
10:50:12 INFO Node found with char: i
10:50:12 INFO Node found with char: i
10:50:12 INFO Node created with char: g
10:50:12 INFO Node created with char: n
10:50:12 INFO Node created with char: o
10:50:12 INFO Node created with char: r
10:50:12 INFO Node created with char: e
10:50:12 INFO Node found with char: h
10:50:12 INFO Node created with char: i
10:50:12 INFO Node created with char: m
